<?xml version="1.0" encoding="UTF-8"?>
<testng-results ignored="0" total="1" passed="1" failed="0" skipped="0">
  <reporter-output>
  </reporter-output>
  <suite started-at="2022-04-21T18:07:15 IST" name="Default suite" finished-at="2022-04-21T18:07:17 IST" duration-ms="1417">
    <groups>
    </groups>
    <test started-at="2022-04-21T18:07:15 IST" name="Default test" finished-at="2022-04-21T18:07:17 IST" duration-ms="1417">
      <class name="com.excelfile.ReadData">
        <test-method signature="readdata()[pri:0, instance:com.excelfile.ReadData@63376bed]" started-at="2022-04-21T18:07:15 IST" name="readdata" finished-at="2022-04-21T18:07:17 IST" duration-ms="1318" status="PASS">
          <reporter-output>
          </reporter-output>
        </test-method> <!-- readdata -->
      </class> <!-- com.excelfile.ReadData -->
    </test> <!-- Default test -->
  </suite> <!-- Default suite -->
</testng-results>
